--- Migration Backend Started ---
Session ID: d353048715efa509dc75855f5696097b
Session Data Found: NO
2026-01-04 15:45:50 [INFO] Reset mode active: Existing data will be cleared.
2026-01-04 15:45:50 [INFO] Connecting to database at localhost:3307...
2026-01-04 15:45:50 [INFO] Dropping existing tables...
2026-01-04 15:46:10 [INFO] Tables dropped. Removing install flag.
INFO: .env already exists, skipping write.
2026-01-04 15:46:10 [TOTAL] 125
2026-01-04 15:46:10 [START] 000_CORE_SCHEMA.sql
2026-01-04 15:46:11 [PROGRESS] 1
2026-01-04 15:46:11 [START] 001_create_migrations_table.sql
2026-01-04 15:46:11 [PROGRESS] 2
2026-01-04 15:46:11 [START] 002_create_customer_tables.sql
2026-01-04 15:46:11 [PROGRESS] 3
2026-01-04 15:46:11 [START] 002a_restore_missing_equipment_tables.sql
2026-01-04 15:46:12 [PROGRESS] 4
2026-01-04 15:46:12 [START] 002c_add_customer_authentication.sql
2026-01-04 15:46:12 [PROGRESS] 5
2026-01-04 15:46:12 [START] 003_create_product_inventory_tables.sql
2026-01-04 15:46:13 [PROGRESS] 6
2026-01-04 15:46:13 [START] 003b_create_inventory_adjustments.sql
2026-01-04 15:46:13 [PROGRESS] 7
2026-01-04 15:46:13 [START] 004_create_pos_transaction_tables.sql
2026-01-04 15:46:13 [PROGRESS] 8
2026-01-04 15:46:13 [START] 005_create_certification_tables.sql
2026-01-04 15:46:14 [PROGRESS] 9
2026-01-04 15:46:14 [START] 006_create_rental_tables.sql
2026-01-04 15:46:14 [PROGRESS] 10
2026-01-04 15:46:14 [START] 007_create_course_trip_tables.sql
2026-01-04 15:46:15 [PROGRESS] 11
2026-01-04 15:46:15 [START] 008_create_work_order_tables.sql
2026-01-04 15:46:15 [PROGRESS] 12
2026-01-04 15:46:15 [START] 009_create_ecommerce_tables.sql
2026-01-04 15:46:16 [PROGRESS] 13
2026-01-04 15:46:16 [START] 010_create_cms_tables.sql
2026-01-04 15:46:17 [PROGRESS] 14
2026-01-04 15:46:17 [START] 011_create_marketing_tables.sql
2026-01-04 15:46:17 [PROGRESS] 15
2026-01-04 15:46:17 [START] 012_create_staff_management_tables.sql
2026-01-04 15:46:18 [PROGRESS] 16
2026-01-04 15:46:18 [START] 013_create_reporting_analytics_tables.sql
2026-01-04 15:46:19 [PROGRESS] 17
2026-01-04 15:46:19 [START] 014_enhance_certifications_and_travel.sql
2026-01-04 15:46:21 [PROGRESS] 18
2026-01-04 15:46:21 [START] 015_add_settings_encryption_and_audit.sql
2026-01-04 15:46:21 [PROGRESS] 19
2026-01-04 15:46:21 [START] 015b_create_system_settings.sql
2026-01-04 15:46:21 [PROGRESS] 20
2026-01-04 15:46:21 [START] 016_add_branding_and_logo_support.sql
2026-01-04 15:46:21 [PROGRESS] 21
2026-01-04 15:46:21 [START] 017_create_rma_and_import_systems.sql
2026-01-04 15:46:22 [PROGRESS] 22
2026-01-04 15:46:22 [START] 018_create_import_tables_only.sql
2026-01-04 15:46:23 [PROGRESS] 23
2026-01-04 15:46:23 [START] 018a_ip_blacklist.sql
2026-01-04 15:46:23 [PROGRESS] 24
2026-01-04 15:46:23 [START] 019_add_slug_to_products.sql
2026-01-04 15:46:23 [PROGRESS] 25
2026-01-04 15:46:23 [START] 019a_two_factor_authentication.sql
2026-01-04 15:46:23 [PROGRESS] 26
2026-01-04 15:46:23 [START] 020_add_external_id_to_customers.sql
2026-01-04 15:46:23 [PROGRESS] 27
2026-01-04 15:46:23 [START] 020a_notifications.sql
2026-01-04 15:46:23 [PROGRESS] 28
2026-01-04 15:46:23 [START] 021_update_import_match_field.sql
2026-01-04 15:46:23 [PROGRESS] 29
2026-01-04 15:46:23 [START] 021a_custom_reports.sql
2026-01-04 15:46:24 [PROGRESS] 30
2026-01-04 15:46:24 [START] 022_add_locale_to_users.sql
2026-01-04 15:46:24 [PROGRESS] 31
2026-01-04 15:46:24 [START] 023_serial_number_tracking.sql
2026-01-04 15:46:25 [PROGRESS] 32
2026-01-04 15:46:25 [START] 024_create_waivers_system.sql
2026-01-04 15:46:26 [PROGRESS] 33
2026-01-04 15:46:26 [START] 025_create_storefront_theme_system.sql
2026-01-04 15:46:26 [PROGRESS] 34
2026-01-04 15:46:26 [START] 026_create_dashboard_widgets.sql
2026-01-04 15:46:26 [PROGRESS] 35
2026-01-04 15:46:26 [START] 027_create_maintenance_system.sql
2026-01-04 15:46:27 [PROGRESS] 36
2026-01-04 15:46:27 [START] 028_create_advanced_inventory.sql
2026-01-04 15:46:29 [PROGRESS] 37
2026-01-04 15:46:29 [START] 029_create_loyalty_transactions.sql
2026-01-04 15:46:31 [PROGRESS] 38
2026-01-04 15:46:31 [START] 030_create_communication_system.sql
2026-01-04 15:46:31 [PROGRESS] 39
2026-01-04 15:46:31 [START] 031_create_multi_location.sql
2026-01-04 15:46:34 [PROGRESS] 40
2026-01-04 15:46:34 [START] 032_add_certification_agency_branding.sql
2026-01-04 15:46:34 [PROGRESS] 41
2026-01-04 15:46:34 [START] 033_comprehensive_customer_profile.sql
2026-01-04 15:46:36 [PROGRESS] 42
2026-01-04 15:46:36 [START] 034_product_image_embeddings.sql
2026-01-04 15:46:36 [PROGRESS] 43
2026-01-04 15:46:36 [START] 035_add_additional_product_fields.sql
2026-01-04 15:46:37 [PROGRESS] 44
2026-01-04 15:46:37 [START] 036_create_course_requirements_system.sql
2026-01-04 15:46:38 [PROGRESS] 45
2026-01-04 15:46:38 [START] 037_create_layaway_system.sql
2026-01-04 15:46:39 [PROGRESS] 46
2026-01-04 15:46:39 [START] 038_create_compressor_tracking_system.sql
2026-01-04 15:46:40 [PROGRESS] 47
2026-01-04 15:46:40 [START] 039_customer_travel_and_contact_info.sql
2026-01-04 15:46:41 [PROGRESS] 48
2026-01-04 15:46:41 [START] 040_customer_tags_and_linking.sql
2026-01-04 15:46:44 [PROGRESS] 49
2026-01-04 15:46:44 [START] 041_cash_drawer_management.sql
2026-01-04 15:46:45 [PROGRESS] 50
2026-01-04 15:46:45 [START] 050_padi_compliance_student_records.sql
2026-01-04 15:46:45 [PROGRESS] 51
2026-01-04 15:46:45 [START] 051_padi_compliance_medical_forms.sql
2026-01-04 15:46:46 [PROGRESS] 52
2026-01-04 15:46:46 [START] 052_padi_compliance_waivers_enhanced.sql
2026-01-04 15:46:46 [PROGRESS] 53
2026-01-04 15:46:46 [START] 053_padi_compliance_completion_incidents.sql
2026-01-04 15:46:47 [PROGRESS] 54
2026-01-04 15:46:47 [START] 054_quality_control_feedback.sql
2026-01-04 15:46:48 [PROGRESS] 55
2026-01-04 15:46:48 [START] 055_feedback_ticket_system.sql
2026-01-04 15:46:48 [PROGRESS] 56
2026-01-04 15:46:48 [START] 056_notification_system.sql
2026-01-04 15:46:50 [PROGRESS] 57
2026-01-04 15:46:50 [START] 057_analytics_dashboard_tables.sql
2026-01-04 15:46:52 [PROGRESS] 58
2026-01-04 15:46:52 [START] 058_multi_tenant_architecture.sql
2026-01-04 15:46:54 [PROGRESS] 59
2026-01-04 15:46:54 [START] 059_stock_management_tables.sql
2026-01-04 15:46:57 [PROGRESS] 60
2026-01-04 15:46:57 [START] 060_user_permissions_roles.sql
2026-01-04 15:46:58 [PROGRESS] 61
2026-01-04 15:46:58 [START] 061_backup_system.sql
2026-01-04 15:46:59 [PROGRESS] 62
2026-01-04 15:46:59 [START] 062_customer_portal.sql
2026-01-04 15:47:01 [PROGRESS] 63
2026-01-04 15:47:01 [START] 063_dashboard_widgets.sql
2026-01-04 15:47:01 [PROGRESS] 64
2026-01-04 15:47:01 [START] 064_notification_preferences.sql
2026-01-04 15:47:02 [PROGRESS] 65
2026-01-04 15:47:02 [START] 065_search_system.sql
2026-01-04 15:47:04 [PROGRESS] 66
2026-01-04 15:47:04 [START] 066_audit_trail_system.sql
2026-01-04 15:47:05 [PROGRESS] 67
2026-01-04 15:47:05 [START] 067_ecommerce_and_ai_features.sql
2026-01-04 15:47:07 [PROGRESS] 68
2026-01-04 15:47:07 [START] 068_enterprise_saas_features.sql
2026-01-04 15:47:11 [PROGRESS] 69
2026-01-04 15:47:11 [START] 069_import_export_tables.sql
2026-01-04 15:47:11 [PROGRESS] 70
2026-01-04 15:47:11 [START] 070_company_settings_table.sql
2026-01-04 15:47:12 [PROGRESS] 71
2026-01-04 15:47:12 [START] 071_newsletter_subscriptions_table.sql
2026-01-04 15:47:12 [PROGRESS] 72
2026-01-04 15:47:12 [START] 072_help_articles_table.sql
2026-01-04 15:47:13 [PROGRESS] 73
2026-01-04 15:47:13 [START] 073_create_padi_medical_forms_table.sql
2026-01-04 15:47:14 [PROGRESS] 74
2026-01-04 15:47:14 [START] 074_email_queue_system.sql
2026-01-04 15:47:14 [PROGRESS] 75
2026-01-04 15:47:14 [START] 075_newsletter_feature.sql
2026-01-04 15:47:15 [PROGRESS] 76
2026-01-04 15:47:15 [START] 075_pre_dive_safety_checks.sql
2026-01-04 15:47:15 [PROGRESS] 77
2026-01-04 15:47:15 [START] 076_specialty_courses_system.sql
2026-01-04 15:47:16 [PROGRESS] 78
2026-01-04 15:47:16 [START] 077_dive_log_system.sql
2026-01-04 15:47:16 [PROGRESS] 79
2026-01-04 15:47:16 [START] 078_barcode_qr_equipment_tracking.sql
2026-01-04 15:47:18 [PROGRESS] 80
2026-01-04 15:47:18 [START] 079_multi_language_support.sql
2026-01-04 15:47:18 [PROGRESS] 81
2026-01-04 15:47:18 [START] 080_advanced_scheduling_system.sql
2026-01-04 15:47:20 [PROGRESS] 82
2026-01-04 15:47:20 [START] 080_create_system_settings.sql
2026-01-04 15:47:20 [PROGRESS] 83
2026-01-04 15:47:20 [START] 081_incident_reporting_system.sql
2026-01-04 15:47:21 [PROGRESS] 84
2026-01-04 15:47:21 [START] 082_ai_ml_systems.sql
2026-01-04 15:47:23 [PROGRESS] 85
2026-01-04 15:47:23 [START] 083_marketing_campaigns_system.sql
2026-01-04 15:47:24 [PROGRESS] 86
2026-01-04 15:47:24 [START] 084_customer_segmentation_system.sql
2026-01-04 15:47:25 [PROGRESS] 87
2026-01-04 15:47:25 [START] 085_marketing_automation_workflows.sql
2026-01-04 15:47:26 [PROGRESS] 88
2026-01-04 15:47:26 [START] 086_sms_marketing_ab_testing.sql
2026-01-04 15:47:27 [PROGRESS] 89
2026-01-04 15:47:27 [START] 087_referral_social_media.sql
2026-01-04 15:47:29 [PROGRESS] 90
2026-01-04 15:47:29 [START] 088_tax_reporting_system.sql
2026-01-04 15:47:30 [PROGRESS] 91
2026-01-04 15:47:30 [START] 089_travel_agent_system.sql
2026-01-04 15:47:31 [PROGRESS] 92
2026-01-04 15:47:31 [START] 090_training_tracking_system.sql
2026-01-04 15:47:33 [PROGRESS] 93
2026-01-04 15:47:33 [START] 091_employee_scheduling_system.sql
2026-01-04 15:47:35 [PROGRESS] 94
2026-01-04 15:47:35 [START] 092_advanced_inventory_control.sql
2026-01-04 15:47:37 [PROGRESS] 95
2026-01-04 15:47:37 [START] 093_security_system.sql
2026-01-04 15:47:39 [PROGRESS] 96
2026-01-04 15:47:39 [START] 094_communication_integrations.sql
2026-01-04 15:47:40 [PROGRESS] 97
2026-01-04 15:47:40 [START] 095_advanced_business_features.sql
2026-01-04 15:47:41 [PROGRESS] 98
2026-01-04 15:47:41 [START] 096_online_booking_and_mobile_apis.sql
2026-01-04 15:47:43 [PROGRESS] 99
2026-01-04 15:47:43 [START] 097_business_intelligence_reporting.sql
2026-01-04 15:47:43 [PROGRESS] 100
2026-01-04 15:47:43 [START] 098_layaway_and_club_management.sql
2026-01-04 15:47:46 [PROGRESS] 101
2026-01-04 15:47:46 [START] 099_add_sso_support.sql
2026-01-04 15:47:48 [PROGRESS] 102
2026-01-04 15:47:48 [START] 099a_google_contacts_sync.sql
2026-01-04 15:47:49 [PROGRESS] 103
2026-01-04 15:47:49 [START] 100_add_air_fill_deep_dive.sql
2026-01-04 15:47:49 [PROGRESS] 104
2026-01-04 15:47:49 [START] 100_fix_all_migration_warnings.sql
2026-01-04 15:47:49 [PROGRESS] 105
2026-01-04 15:47:49 [START] 101_storefront_config.sql
2026-01-04 15:47:49 [PROGRESS] 106
2026-01-04 15:47:49 [START] 102_create_update_system_tables.sql
2026-01-04 15:47:50 [PROGRESS] 107
2026-01-04 15:47:50 [START] 102_stats_settings.sql
2026-01-04 15:47:50 [PROGRESS] 108
2026-01-04 15:47:50 [START] 103_fix_database_warnings.sql
2026-01-04 15:47:50 [PROGRESS] 109
2026-01-04 15:47:50 [START] 104_consolidate_fix_migration_issues.sql
2026-01-04 15:47:50 [PROGRESS] 110
2026-01-04 15:47:50 [START] 105_enhance_inventory_system.sql
2026-01-04 15:47:56 [PROGRESS] 111
2026-01-04 15:47:56 [START] 106_seed_certification_agencies.sql
2026-01-04 15:47:56 [PROGRESS] 112
2026-01-04 15:47:56 [START] 107_add_customer_photo.sql
2026-01-04 15:47:56 [PROGRESS] 113
2026-01-04 15:47:56 [START] 107_standardize_transaction_tables.sql
2026-01-04 15:47:56 [PROGRESS] 114
2026-01-04 15:47:56 [START] 108_add_pos_options.sql
2026-01-04 15:47:56 [PROGRESS] 115
2026-01-04 15:47:56 [START] 109_create_course_interest_queue.sql
2026-01-04 15:47:56 [PROGRESS] 116
2026-01-04 15:47:56 [START] 110_create_time_clock_entries.sql
2026-01-04 15:47:57 [PROGRESS] 117
2026-01-04 15:47:57 [START] 111_ensure_banner_enums.sql
2026-01-04 15:47:57 [PROGRESS] 118
2026-01-04 15:47:57 [START] 115_ensure_feature_tables.sql
2026-01-04 15:47:57 [PROGRESS] 119
2026-01-04 15:47:57 [START] 116_seed_default_data.sql
2026-01-04 15:47:57 [PROGRESS] 120
2026-01-04 15:47:57 [START] 122_fix_products_table.sql
2026-01-04 15:47:58 [PROGRESS] 121
2026-01-04 15:47:58 [START] 123_add_slug_to_products.sql
2026-01-04 15:47:58 [PROGRESS] 122
2026-01-04 15:47:58 [START] 123_fix_missing_tables.sql
2026-01-04 15:47:58 [PROGRESS] 123
2026-01-04 15:47:58 [START] 998_environment_and_tenant_credentials.sql
2026-01-04 15:47:58 [PROGRESS] 124
2026-01-04 15:47:58 [START] create_membership_tables.sql
2026-01-04 15:47:58 [PROGRESS] 125
2026-01-04 15:47:59 [INFO] Updated Business Name in Database Settings.
2026-01-04 15:47:59 [INFO] Seeded default Business settings to DB.
2026-01-04 15:47:59 [INFO] Skipping test users: SQLSTATE[42S22]: Column not found: 1054 Unknown column 'naming_convention' in 'WHERE'
2026-01-04 15:47:59 [COMPLETE] Installation finished successfully.
